<?xml version="1.0" encoding="UTF-8"?>
<testng-results ignored="1" total="2" passed="0" failed="1" skipped="0">
  <reporter-output>
  </reporter-output>
  <suite started-at="2022-09-26T23:31:36 IST" name="Default suite" finished-at="2022-09-26T23:31:51 IST" duration-ms="14973">
    <groups>
    </groups>
    <test started-at="2022-09-26T23:31:36 IST" name="Default test" finished-at="2022-09-26T23:31:51 IST" duration-ms="14973">
      <class name="test.TestNGClass2">
        <test-method is-config="true" signature="launchBrowser()[pri:0, instance:test.TestNGClass2@20f5239f]" started-at="2022-09-26T23:31:36 IST" name="launchBrowser" finished-at="2022-09-26T23:31:39 IST" duration-ms="3201" status="PASS">
          <reporter-output>
          </reporter-output>
        </test-method> <!-- launchBrowser -->
        <test-method is-config="true" signature="creatingPOMObjects()[pri:0, instance:test.TestNGClass2@20f5239f]" started-at="2022-09-26T23:31:39 IST" name="creatingPOMObjects" finished-at="2022-09-26T23:31:39 IST" duration-ms="64" status="PASS">
          <reporter-output>
          </reporter-output>
        </test-method> <!-- creatingPOMObjects -->
        <test-method is-config="true" signature="goToRoomsPage()[pri:0, instance:test.TestNGClass2@20f5239f]" started-at="2022-09-26T23:31:39 IST" name="goToRoomsPage" finished-at="2022-09-26T23:31:47 IST" duration-ms="7489" status="PASS">
          <reporter-output>
          </reporter-output>
        </test-method> <!-- goToRoomsPage -->
        <test-method signature="verifyVHC()[pri:2, instance:test.TestNGClass2@20f5239f]" started-at="2022-09-26T23:31:47 IST" name="verifyVHC" finished-at="2022-09-26T23:31:50 IST" duration-ms="3142" status="FAIL">
          <exception class="org.apache.poi.EmptyFileException">
            <message>
              <![CDATA[The supplied file was empty (zero bytes long)]]>
            </message>
            <full-stacktrace>
              <![CDATA[org.apache.poi.EmptyFileException: The supplied file was empty (zero bytes long)
at org.apache.poi.util.IOUtils.peekFirstNBytes(IOUtils.java:111)
at org.apache.poi.poifs.filesystem.FileMagic.valueOf(FileMagic.java:206)
at org.apache.poi.ss.usermodel.WorkbookFactory.create(WorkbookFactory.java:248)
at org.apache.poi.ss.usermodel.WorkbookFactory.create(WorkbookFactory.java:221)
at utils.Utility.excelData(Utility.java:54)
at test.TestNGClass2.verifyVHC(TestNGClass2.java:110)
at java.base/jdk.internal.reflect.NativeMethodAccessorImpl.invoke0(Native Method)
at java.base/jdk.internal.reflect.NativeMethodAccessorImpl.invoke(NativeMethodAccessorImpl.java:64)
at java.base/jdk.internal.reflect.DelegatingMethodAccessorImpl.invoke(DelegatingMethodAccessorImpl.java:43)
at java.base/java.lang.reflect.Method.invoke(Method.java:564)
at org.testng.internal.MethodInvocationHelper.invokeMethod(MethodInvocationHelper.java:133)
at org.testng.internal.TestInvoker.invokeMethod(TestInvoker.java:598)
at org.testng.internal.TestInvoker.invokeTestMethod(TestInvoker.java:173)
at org.testng.internal.MethodRunner.runInSequence(MethodRunner.java:46)
at org.testng.internal.TestInvoker$MethodInvocationAgent.invoke(TestInvoker.java:824)
at org.testng.internal.TestInvoker.invokeTestMethods(TestInvoker.java:146)
at org.testng.internal.TestMethodWorker.invokeTestMethods(TestMethodWorker.java:146)
at org.testng.internal.TestMethodWorker.run(TestMethodWorker.java:128)
at java.base/java.util.ArrayList.forEach(ArrayList.java:1511)
at org.testng.TestRunner.privateRun(TestRunner.java:794)
at org.testng.TestRunner.run(TestRunner.java:596)
at org.testng.SuiteRunner.runTest(SuiteRunner.java:377)
at org.testng.SuiteRunner.runSequentially(SuiteRunner.java:371)
at org.testng.SuiteRunner.privateRun(SuiteRunner.java:332)
at org.testng.SuiteRunner.run(SuiteRunner.java:276)
at org.testng.SuiteRunnerWorker.runSuite(SuiteRunnerWorker.java:53)
at org.testng.SuiteRunnerWorker.run(SuiteRunnerWorker.java:96)
at org.testng.TestNG.runSuitesSequentially(TestNG.java:1212)
at org.testng.TestNG.runSuitesLocally(TestNG.java:1134)
at org.testng.TestNG.runSuites(TestNG.java:1063)
at org.testng.TestNG.run(TestNG.java:1031)
at org.testng.remote.AbstractRemoteTestNG.run(AbstractRemoteTestNG.java:115)
at org.testng.remote.RemoteTestNG.initAndRun(RemoteTestNG.java:251)
at org.testng.remote.RemoteTestNG.main(RemoteTestNG.java:77)
]]>
            </full-stacktrace>
          </exception> <!-- org.apache.poi.EmptyFileException -->
          <reporter-output>
          </reporter-output>
        </test-method> <!-- verifyVHC -->
        <test-method is-config="true" signature="afterMethod()[pri:0, instance:test.TestNGClass2@20f5239f]" started-at="2022-09-26T23:31:50 IST" name="afterMethod" finished-at="2022-09-26T23:31:50 IST" duration-ms="0" status="PASS">
          <reporter-output>
          </reporter-output>
        </test-method> <!-- afterMethod -->
        <test-method is-config="true" signature="removeObjects()[pri:0, instance:test.TestNGClass2@20f5239f]" started-at="2022-09-26T23:31:50 IST" name="removeObjects" finished-at="2022-09-26T23:31:50 IST" duration-ms="1" status="PASS">
          <reporter-output>
          </reporter-output>
        </test-method> <!-- removeObjects -->
        <test-method is-config="true" signature="closeBrowser()[pri:0, instance:test.TestNGClass2@20f5239f]" started-at="2022-09-26T23:31:50 IST" name="closeBrowser" finished-at="2022-09-26T23:31:51 IST" duration-ms="985" status="PASS">
          <reporter-output>
          </reporter-output>
        </test-method> <!-- closeBrowser -->
      </class> <!-- test.TestNGClass2 -->
    </test> <!-- Default test -->
  </suite> <!-- Default suite -->
</testng-results>
